128 : 2022-01-18 20:37:35,427 : INFO : telemetry.main : Attempt start. Configuration directory [/home/servicios/.azure].
128 : 2022-01-18 20:37:35,428 : INFO : telemetry.check : Positive: The /home/servicios/.azure/telemetry.txt does not exist.
128 : 2022-01-18 20:37:35,428 : DEBUG : telemetry.note : acquiring lock
128 : 2022-01-18 20:37:35,428 : DEBUG : telemetry.note : acquired lock
128 : 2022-01-18 20:37:35,428 : INFO : telemetry.note : Update the note mtime to 2022-01-18 20:37:35.428966
128 : 2022-01-18 20:37:35,429 : WARNING : telemetry.note : Fail to parse or read the timestamp 'N/A' in the note file. Set the last send time to minimal. Reason: not readable
128 : 2022-01-18 20:37:35,429 : INFO : telemetry.records : No cache to be uploaded.
128 : 2022-01-18 20:37:35,429 : INFO : telemetry.client : Accumulated 0 events. Flush the clients.
128 : 2022-01-18 20:37:35,429 : INFO : telemetry.note : Update the last send in note to 0001-01-01 00:00:00
128 : 2022-01-18 20:37:35,430 : INFO : telemetry.note : Update the note mtime to 2022-01-18 20:37:35.430014
272 : 2022-01-18 20:50:49,185 : INFO : telemetry.main : Attempt start. Configuration directory [/home/servicios/.azure].
272 : 2022-01-18 20:50:49,186 : INFO : telemetry.check : Returns Positive.
272 : 2022-01-18 20:50:49,186 : DEBUG : telemetry.note : acquiring lock
272 : 2022-01-18 20:50:49,186 : DEBUG : telemetry.note : acquired lock
272 : 2022-01-18 20:50:49,186 : INFO : telemetry.note : Update the note mtime to 2022-01-18 20:50:49.186721
272 : 2022-01-18 20:50:49,192 : WARNING : telemetry.note : Fail to parse or read the timestamp '1-01-01T00:00:00' in the note file. Set the last send time to minimal. Reason: time data '1-01-01T00:00:00' does not match format '%Y-%m-%dT%H:%M:%S'
272 : 2022-01-18 20:50:49,192 : INFO : telemetry.records : No cache to be uploaded.
272 : 2022-01-18 20:50:49,192 : INFO : telemetry.client : Accumulated 0 events. Flush the clients.
272 : 2022-01-18 20:50:49,192 : INFO : telemetry.note : Update the last send in note to 0001-01-01 00:00:00
272 : 2022-01-18 20:50:49,193 : INFO : telemetry.note : Update the note mtime to 2022-01-18 20:50:49.193018
603 : 2022-01-18 21:25:44,630 : INFO : telemetry.main : Attempt start. Configuration directory [/home/servicios/.azure].
603 : 2022-01-18 21:25:44,631 : INFO : telemetry.check : Returns Positive.
603 : 2022-01-18 21:25:44,631 : DEBUG : telemetry.note : acquiring lock
603 : 2022-01-18 21:25:44,631 : DEBUG : telemetry.note : acquired lock
603 : 2022-01-18 21:25:44,631 : INFO : telemetry.note : Update the note mtime to 2022-01-18 21:25:44.631461
603 : 2022-01-18 21:25:44,633 : WARNING : telemetry.note : Fail to parse or read the timestamp '1-01-01T00:00:00' in the note file. Set the last send time to minimal. Reason: time data '1-01-01T00:00:00' does not match format '%Y-%m-%dT%H:%M:%S'
603 : 2022-01-18 21:25:44,634 : INFO : telemetry.records : No cache to be uploaded.
603 : 2022-01-18 21:25:44,634 : INFO : telemetry.client : Accumulated 0 events. Flush the clients.
603 : 2022-01-18 21:25:44,634 : INFO : telemetry.note : Update the last send in note to 0001-01-01 00:00:00
603 : 2022-01-18 21:25:44,634 : INFO : telemetry.note : Update the note mtime to 2022-01-18 21:25:44.634385
117 : 2022-01-19 00:41:45,396 : INFO : telemetry.main : Attempt start. Configuration directory [/home/servicios/.azure].
117 : 2022-01-19 00:41:45,436 : INFO : telemetry.check : Returns Positive.
117 : 2022-01-19 00:41:45,436 : DEBUG : telemetry.note : acquiring lock
117 : 2022-01-19 00:41:45,436 : DEBUG : telemetry.note : acquired lock
117 : 2022-01-19 00:41:45,437 : INFO : telemetry.note : Update the note mtime to 2022-01-19 00:41:45.437022
117 : 2022-01-19 00:41:45,732 : WARNING : telemetry.note : Fail to parse or read the timestamp '1-01-01T00:00:00' in the note file. Set the last send time to minimal. Reason: time data '1-01-01T00:00:00' does not match format '%Y-%m-%dT%H:%M:%S'
117 : 2022-01-19 00:41:45,732 : INFO : telemetry.records : No cache to be uploaded.
117 : 2022-01-19 00:41:45,732 : INFO : telemetry.client : Accumulated 0 events. Flush the clients.
117 : 2022-01-19 00:41:45,732 : INFO : telemetry.note : Update the last send in note to 0001-01-01 00:00:00
117 : 2022-01-19 00:41:45,733 : INFO : telemetry.note : Update the note mtime to 2022-01-19 00:41:45.733025
1257 : 2022-01-19 02:54:30,365 : INFO : telemetry.main : Attempt start. Configuration directory [/home/servicios/.azure].
1257 : 2022-01-19 02:54:30,366 : INFO : telemetry.check : Returns Positive.
1257 : 2022-01-19 02:54:30,366 : DEBUG : telemetry.note : acquiring lock
1257 : 2022-01-19 02:54:30,366 : DEBUG : telemetry.note : acquired lock
1257 : 2022-01-19 02:54:30,366 : INFO : telemetry.note : Update the note mtime to 2022-01-19 02:54:30.366649
1257 : 2022-01-19 02:54:30,368 : WARNING : telemetry.note : Fail to parse or read the timestamp '1-01-01T00:00:00' in the note file. Set the last send time to minimal. Reason: time data '1-01-01T00:00:00' does not match format '%Y-%m-%dT%H:%M:%S'
1257 : 2022-01-19 02:54:30,368 : INFO : telemetry.records : No cache to be uploaded.
1257 : 2022-01-19 02:54:30,368 : INFO : telemetry.client : Accumulated 0 events. Flush the clients.
1257 : 2022-01-19 02:54:30,368 : INFO : telemetry.note : Update the last send in note to 0001-01-01 00:00:00
1257 : 2022-01-19 02:54:30,369 : INFO : telemetry.note : Update the note mtime to 2022-01-19 02:54:30.369031
117 : 2022-01-19 15:15:20,682 : INFO : telemetry.main : Attempt start. Configuration directory [/home/servicios/.azure].
117 : 2022-01-19 15:15:20,706 : INFO : telemetry.check : Returns Positive.
117 : 2022-01-19 15:15:20,706 : DEBUG : telemetry.note : acquiring lock
117 : 2022-01-19 15:15:20,707 : DEBUG : telemetry.note : acquired lock
117 : 2022-01-19 15:15:20,707 : INFO : telemetry.note : Update the note mtime to 2022-01-19 15:15:20.707239
117 : 2022-01-19 15:15:20,909 : WARNING : telemetry.note : Fail to parse or read the timestamp '1-01-01T00:00:00' in the note file. Set the last send time to minimal. Reason: time data '1-01-01T00:00:00' does not match format '%Y-%m-%dT%H:%M:%S'
117 : 2022-01-19 15:15:20,910 : INFO : telemetry.records : No cache to be uploaded.
117 : 2022-01-19 15:15:20,910 : INFO : telemetry.client : Accumulated 0 events. Flush the clients.
117 : 2022-01-19 15:15:20,911 : INFO : telemetry.note : Update the last send in note to 0001-01-01 00:00:00
117 : 2022-01-19 15:15:20,911 : INFO : telemetry.note : Update the note mtime to 2022-01-19 15:15:20.911396
1218 : 2022-01-19 17:50:50,518 : INFO : telemetry.main : Attempt start. Configuration directory [/home/servicios/.azure].
1218 : 2022-01-19 17:50:50,518 : INFO : telemetry.check : Returns Positive.
1218 : 2022-01-19 17:50:50,518 : DEBUG : telemetry.note : acquiring lock
1218 : 2022-01-19 17:50:50,518 : DEBUG : telemetry.note : acquired lock
1218 : 2022-01-19 17:50:50,519 : INFO : telemetry.note : Update the note mtime to 2022-01-19 17:50:50.519069
1218 : 2022-01-19 17:50:50,521 : WARNING : telemetry.note : Fail to parse or read the timestamp '1-01-01T00:00:00' in the note file. Set the last send time to minimal. Reason: time data '1-01-01T00:00:00' does not match format '%Y-%m-%dT%H:%M:%S'
1218 : 2022-01-19 17:50:50,521 : INFO : telemetry.records : No cache to be uploaded.
1218 : 2022-01-19 17:50:50,521 : INFO : telemetry.client : Accumulated 0 events. Flush the clients.
1218 : 2022-01-19 17:50:50,521 : INFO : telemetry.note : Update the last send in note to 0001-01-01 00:00:00
1218 : 2022-01-19 17:50:50,521 : INFO : telemetry.note : Update the note mtime to 2022-01-19 17:50:50.521597
